2018-09-29 at 11:17:01 CST INFO  org.springframework.boot.SpringApplication 659 logStartupProfileInfo - No active profile set, falling back to default profiles: default
2018-09-29 at 11:17:04 CST INFO  org.apache.juli.logging.DirectJDKLog 180 log - Initializing ProtocolHandler ["http-nio-8761"]
2018-09-29 at 11:17:04 CST INFO  org.apache.juli.logging.DirectJDKLog 180 log - Starting service [Tomcat]
2018-09-29 at 11:17:04 CST INFO  org.apache.juli.logging.DirectJDKLog 180 log - Starting Servlet Engine: Apache Tomcat/8.5.29
2018-09-29 at 11:17:04 CST INFO  org.apache.juli.logging.DirectJDKLog 180 log - The APR based Apache Tomcat Native library which allows optimal performance in production environments was not found on the java.library.path: [C:\Program Files\Java\jdk1.8.0_65\bin;E:\Windows\Sun\Java\bin;E:\Windows\system32;E:\Windows;E:/Program Files/Java/jre1.8.0_172/bin/server;E:/Program Files/Java/jre1.8.0_172/bin;E:/Program Files/Java/jre1.8.0_172/lib/amd64;E:\Program Files (x86)\Common Files\Oracle\Java\javapath;E:\Windows\system32;E:\Windows;E:\Windows\System32\Wbem;E:\Windows\System32\WindowsPowerShell\v1.0\;E:\Windows\System32\OpenSSH\;E:\Users\yue\Anaconda3;E:\Program Files\python364\Scripts;E:\Program Files\Git\cmd;E:\Users\yue\Anaconda3\Scripts;E:\Program Files\Java\jdk1.8.0_172\bin;E:\Users\yue\AppData\Local\Microsoft\WindowsApps;E:\Program Files\Microsoft VS Code\bin;D:\apache-maven-3.3.3\bin;E:\Program Files\Java\jdk1.8.0_172\bin;;D:\develop\eclipse-neon;;.]
2018-09-29 at 11:17:05 CST INFO  org.apache.juli.logging.DirectJDKLog 180 log - Initializing Spring embedded WebApplicationContext
2018-09-29 at 11:17:05 CST INFO  com.netflix.config.sources.URLConfigurationSource 122 <init> - To enable URLs as dynamic configuration sources, define System property archaius.configurationSource.additionalUrls or make config.properties available on classpath.
2018-09-29 at 11:17:05 CST DEBUG com.netflix.hystrix.strategy.HystrixPlugins 386 resolveDynamicProperties - Created HystrixDynamicProperties. Using class : com.netflix.hystrix.strategy.properties.archaius.HystrixDynamicPropertiesArchaius
2018-09-29 at 11:17:05 CST INFO  com.netflix.config.DynamicPropertyFactory 281 getInstance - DynamicPropertyFactory is initialized with configuration sources: com.netflix.config.ConcurrentCompositeConfiguration@63bba3eb
2018-09-29 at 11:17:08 CST INFO  com.sun.jersey.server.impl.application.WebApplicationImpl 815 _initiate - Initiating Jersey application, version 'Jersey: 1.19.1 03/11/2016 02:08 PM'
2018-09-29 at 11:17:08 CST INFO  com.netflix.discovery.provider.DiscoveryJerseyProvider 70 <init> - Using JSON encoding codec LegacyJacksonJson
2018-09-29 at 11:17:08 CST INFO  com.netflix.discovery.provider.DiscoveryJerseyProvider 71 <init> - Using JSON decoding codec LegacyJacksonJson
2018-09-29 at 11:17:08 CST INFO  com.netflix.discovery.provider.DiscoveryJerseyProvider 80 <init> - Using XML encoding codec XStreamXml
2018-09-29 at 11:17:08 CST INFO  com.netflix.discovery.provider.DiscoveryJerseyProvider 81 <init> - Using XML decoding codec XStreamXml
2018-09-29 at 11:17:09 CST INFO  com.netflix.config.sources.URLConfigurationSource 122 <init> - To enable URLs as dynamic configuration sources, define System property archaius.configurationSource.additionalUrls or make config.properties available on classpath.
2018-09-29 at 11:17:09 CST DEBUG org.hibernate.validator.internal.engine.resolver.TraversableResolvers 60 getDefault - Cannot find javax.persistence.Persistence on classpath. Assuming non JPA 2 environment. All properties will per default be traversable.
2018-09-29 at 11:17:09 CST DEBUG org.hibernate.validator.messageinterpolation.ResourceBundleMessageInterpolator 89 buildExpressionFactory - Loaded expression factory via original TCCL
2018-09-29 at 11:17:09 CST DEBUG org.hibernate.validator.internal.engine.resolver.TraversableResolvers 60 getDefault - Cannot find javax.persistence.Persistence on classpath. Assuming non JPA 2 environment. All properties will per default be traversable.
2018-09-29 at 11:17:09 CST DEBUG org.hibernate.validator.internal.engine.ConfigurationImpl 148 messageInterpolator - Setting custom MessageInterpolator of type org.springframework.validation.beanvalidation.LocaleContextMessageInterpolator
2018-09-29 at 11:17:09 CST DEBUG org.hibernate.validator.internal.engine.ConfigurationImpl 180 constraintValidatorFactory - Setting custom ConstraintValidatorFactory of type org.springframework.validation.beanvalidation.SpringConstraintValidatorFactory
2018-09-29 at 11:17:09 CST DEBUG org.hibernate.validator.internal.engine.ConfigurationImpl 194 parameterNameProvider - Setting custom ParameterNameProvider of type org.springframework.validation.beanvalidation.LocalValidatorFactoryBean$1
2018-09-29 at 11:17:09 CST DEBUG org.hibernate.validator.internal.xml.ValidationXmlParser 133 getValidationXmlInputStream - Trying to load META-INF/validation.xml for XML based Validator configuration.
2018-09-29 at 11:17:09 CST DEBUG org.hibernate.validator.internal.xml.ResourceLoaderHelper 53 getResettableInputStreamForPath - Trying to load META-INF/validation.xml via user class loader
2018-09-29 at 11:17:09 CST DEBUG org.hibernate.validator.internal.xml.ResourceLoaderHelper 60 getResettableInputStreamForPath - Trying to load META-INF/validation.xml via TCCL
2018-09-29 at 11:17:09 CST DEBUG org.hibernate.validator.internal.xml.ResourceLoaderHelper 66 getResettableInputStreamForPath - Trying to load META-INF/validation.xml via Hibernate Validator's class loader
2018-09-29 at 11:17:09 CST DEBUG org.hibernate.validator.internal.xml.ValidationXmlParser 140 getValidationXmlInputStream - No META-INF/validation.xml found. Using annotation based configuration only.
2018-09-29 at 11:17:09 CST DEBUG org.hibernate.validator.internal.engine.ValidatorFactoryImpl 578 logValidatorFactoryScopedConfiguration - HV000234: Using org.springframework.validation.beanvalidation.LocaleContextMessageInterpolator as ValidatorFactory-scoped message interpolator.
2018-09-29 at 11:17:09 CST DEBUG org.hibernate.validator.internal.engine.ValidatorFactoryImpl 579 logValidatorFactoryScopedConfiguration - HV000234: Using org.hibernate.validator.internal.engine.resolver.TraverseAllTraversableResolver as ValidatorFactory-scoped traversable resolver.
2018-09-29 at 11:17:09 CST DEBUG org.hibernate.validator.internal.engine.ValidatorFactoryImpl 580 logValidatorFactoryScopedConfiguration - HV000234: Using org.hibernate.validator.internal.util.ExecutableParameterNameProvider as ValidatorFactory-scoped parameter name provider.
2018-09-29 at 11:17:09 CST DEBUG org.hibernate.validator.internal.engine.ValidatorFactoryImpl 581 logValidatorFactoryScopedConfiguration - HV000234: Using org.hibernate.validator.internal.engine.DefaultClockProvider as ValidatorFactory-scoped clock provider.
2018-09-29 at 11:17:09 CST DEBUG org.hibernate.validator.internal.engine.ValidatorFactoryImpl 582 logValidatorFactoryScopedConfiguration - HV000234: Using org.hibernate.validator.internal.engine.scripting.DefaultScriptEvaluatorFactory as ValidatorFactory-scoped script evaluator factory.
2018-09-29 at 11:17:11 CST INFO  com.netflix.discovery.DiscoveryClient 349 <init> - Initializing Eureka in region us-east-1
2018-09-29 at 11:17:11 CST INFO  com.netflix.discovery.DiscoveryClient 352 <init> - Client configured to neither register nor query for data.
2018-09-29 at 11:17:11 CST INFO  com.netflix.discovery.DiscoveryClient 365 <init> - Discovery Client initialized at timestamp 1538191031110 with initial instances count: 0
2018-09-29 at 11:17:11 CST INFO  com.netflix.eureka.DefaultEurekaServerContext 63 initialize - Initializing ...
2018-09-29 at 11:17:11 CST DEBUG com.netflix.discovery.endpoint.EndpointUtils 198 getServiceUrlsFromConfig - The availability zone for the given region us-east-1 are [defaultZone]
2018-09-29 at 11:17:11 CST INFO  com.netflix.eureka.cluster.PeerEurekaNodes 188 updatePeerEurekaNodes - Adding new peer nodes [http://localhost:8761/eureka/]
2018-09-29 at 11:17:11 CST INFO  com.netflix.discovery.provider.DiscoveryJerseyProvider 70 <init> - Using JSON encoding codec LegacyJacksonJson
2018-09-29 at 11:17:11 CST INFO  com.netflix.discovery.provider.DiscoveryJerseyProvider 71 <init> - Using JSON decoding codec LegacyJacksonJson
2018-09-29 at 11:17:11 CST INFO  com.netflix.discovery.provider.DiscoveryJerseyProvider 80 <init> - Using XML encoding codec XStreamXml
2018-09-29 at 11:17:11 CST INFO  com.netflix.discovery.provider.DiscoveryJerseyProvider 81 <init> - Using XML decoding codec XStreamXml
2018-09-29 at 11:17:11 CST DEBUG com.netflix.discovery.shared.transport.jersey.AbstractJerseyEurekaHttpClient 42 <init> - Created client for url: http://localhost:8761/eureka/
2018-09-29 at 11:17:11 CST INFO  com.netflix.eureka.cluster.PeerEurekaNodes 110 start - Replica node URL:  http://localhost:8761/eureka/
2018-09-29 at 11:17:11 CST INFO  com.netflix.eureka.registry.AbstractInstanceRegistry 151 initRemoteRegionRegistry - Finished initializing remote region registries. All known remote regions: []
2018-09-29 at 11:17:11 CST INFO  com.netflix.eureka.DefaultEurekaServerContext 70 initialize - Initialized
2018-09-29 at 11:17:11 CST INFO  org.apache.juli.logging.DirectJDKLog 180 log - Starting ProtocolHandler ["http-nio-8761"]
2018-09-29 at 11:17:11 CST INFO  com.netflix.eureka.registry.PeerAwareInstanceRegistryImpl 242 openForTraffic - Got 1 instances from neighboring DS node
2018-09-29 at 11:17:11 CST INFO  com.netflix.eureka.registry.PeerAwareInstanceRegistryImpl 243 openForTraffic - Renew threshold is: 1
2018-09-29 at 11:17:11 CST INFO  com.netflix.eureka.registry.PeerAwareInstanceRegistryImpl 254 openForTraffic - Changing status to UP
2018-09-29 at 11:17:11 CST INFO  org.apache.juli.logging.DirectJDKLog 180 log - Using a shared selector for servlet write/read
2018-09-29 at 11:17:11 CST INFO  org.springframework.boot.StartupInfoLogger 59 logStarted - Started LogMain in 15.57 seconds (JVM running for 17.763)
2018-09-29 at 11:17:57 CST INFO  org.springframework.boot.SpringApplication 659 logStartupProfileInfo - No active profile set, falling back to default profiles: default
2018-09-29 at 11:18:00 CST INFO  org.apache.juli.logging.DirectJDKLog 180 log - Initializing ProtocolHandler ["http-nio-8761"]
2018-09-29 at 11:18:00 CST INFO  org.apache.juli.logging.DirectJDKLog 180 log - Starting service [Tomcat]
2018-09-29 at 11:18:00 CST INFO  org.apache.juli.logging.DirectJDKLog 180 log - Starting Servlet Engine: Apache Tomcat/8.5.29
2018-09-29 at 11:18:00 CST INFO  org.apache.juli.logging.DirectJDKLog 180 log - The APR based Apache Tomcat Native library which allows optimal performance in production environments was not found on the java.library.path: [C:\Program Files\Java\jdk1.8.0_65\bin;E:\Windows\Sun\Java\bin;E:\Windows\system32;E:\Windows;E:/Program Files/Java/jre1.8.0_172/bin/server;E:/Program Files/Java/jre1.8.0_172/bin;E:/Program Files/Java/jre1.8.0_172/lib/amd64;E:\Program Files (x86)\Common Files\Oracle\Java\javapath;E:\Windows\system32;E:\Windows;E:\Windows\System32\Wbem;E:\Windows\System32\WindowsPowerShell\v1.0\;E:\Windows\System32\OpenSSH\;E:\Users\yue\Anaconda3;E:\Program Files\python364\Scripts;E:\Program Files\Git\cmd;E:\Users\yue\Anaconda3\Scripts;E:\Program Files\Java\jdk1.8.0_172\bin;E:\Users\yue\AppData\Local\Microsoft\WindowsApps;E:\Program Files\Microsoft VS Code\bin;D:\apache-maven-3.3.3\bin;E:\Program Files\Java\jdk1.8.0_172\bin;;D:\develop\eclipse-neon;;.]
2018-09-29 at 11:18:01 CST INFO  org.apache.juli.logging.DirectJDKLog 180 log - Initializing Spring embedded WebApplicationContext
2018-09-29 at 11:18:01 CST INFO  com.netflix.config.sources.URLConfigurationSource 122 <init> - To enable URLs as dynamic configuration sources, define System property archaius.configurationSource.additionalUrls or make config.properties available on classpath.
2018-09-29 at 11:18:01 CST DEBUG com.netflix.hystrix.strategy.HystrixPlugins 386 resolveDynamicProperties - Created HystrixDynamicProperties. Using class : com.netflix.hystrix.strategy.properties.archaius.HystrixDynamicPropertiesArchaius
2018-09-29 at 11:18:01 CST INFO  com.netflix.config.DynamicPropertyFactory 281 getInstance - DynamicPropertyFactory is initialized with configuration sources: com.netflix.config.ConcurrentCompositeConfiguration@1b194eda
2018-09-29 at 11:18:05 CST INFO  com.sun.jersey.server.impl.application.WebApplicationImpl 815 _initiate - Initiating Jersey application, version 'Jersey: 1.19.1 03/11/2016 02:08 PM'
2018-09-29 at 11:18:05 CST INFO  com.netflix.discovery.provider.DiscoveryJerseyProvider 70 <init> - Using JSON encoding codec LegacyJacksonJson
2018-09-29 at 11:18:05 CST INFO  com.netflix.discovery.provider.DiscoveryJerseyProvider 71 <init> - Using JSON decoding codec LegacyJacksonJson
2018-09-29 at 11:18:05 CST INFO  com.netflix.discovery.provider.DiscoveryJerseyProvider 80 <init> - Using XML encoding codec XStreamXml
2018-09-29 at 11:18:05 CST INFO  com.netflix.discovery.provider.DiscoveryJerseyProvider 81 <init> - Using XML decoding codec XStreamXml
2018-09-29 at 11:18:05 CST INFO  com.netflix.config.sources.URLConfigurationSource 122 <init> - To enable URLs as dynamic configuration sources, define System property archaius.configurationSource.additionalUrls or make config.properties available on classpath.
2018-09-29 at 11:18:05 CST DEBUG org.hibernate.validator.internal.engine.resolver.TraversableResolvers 60 getDefault - Cannot find javax.persistence.Persistence on classpath. Assuming non JPA 2 environment. All properties will per default be traversable.
2018-09-29 at 11:18:05 CST DEBUG org.hibernate.validator.messageinterpolation.ResourceBundleMessageInterpolator 89 buildExpressionFactory - Loaded expression factory via original TCCL
2018-09-29 at 11:18:05 CST DEBUG org.hibernate.validator.internal.engine.resolver.TraversableResolvers 60 getDefault - Cannot find javax.persistence.Persistence on classpath. Assuming non JPA 2 environment. All properties will per default be traversable.
2018-09-29 at 11:18:05 CST DEBUG org.hibernate.validator.internal.engine.ConfigurationImpl 148 messageInterpolator - Setting custom MessageInterpolator of type org.springframework.validation.beanvalidation.LocaleContextMessageInterpolator
2018-09-29 at 11:18:05 CST DEBUG org.hibernate.validator.internal.engine.ConfigurationImpl 180 constraintValidatorFactory - Setting custom ConstraintValidatorFactory of type org.springframework.validation.beanvalidation.SpringConstraintValidatorFactory
2018-09-29 at 11:18:05 CST DEBUG org.hibernate.validator.internal.engine.ConfigurationImpl 194 parameterNameProvider - Setting custom ParameterNameProvider of type org.springframework.validation.beanvalidation.LocalValidatorFactoryBean$1
2018-09-29 at 11:18:05 CST DEBUG org.hibernate.validator.internal.xml.ValidationXmlParser 133 getValidationXmlInputStream - Trying to load META-INF/validation.xml for XML based Validator configuration.
2018-09-29 at 11:18:05 CST DEBUG org.hibernate.validator.internal.xml.ResourceLoaderHelper 53 getResettableInputStreamForPath - Trying to load META-INF/validation.xml via user class loader
2018-09-29 at 11:18:05 CST DEBUG org.hibernate.validator.internal.xml.ResourceLoaderHelper 60 getResettableInputStreamForPath - Trying to load META-INF/validation.xml via TCCL
2018-09-29 at 11:18:05 CST DEBUG org.hibernate.validator.internal.xml.ResourceLoaderHelper 66 getResettableInputStreamForPath - Trying to load META-INF/validation.xml via Hibernate Validator's class loader
2018-09-29 at 11:18:05 CST DEBUG org.hibernate.validator.internal.xml.ValidationXmlParser 140 getValidationXmlInputStream - No META-INF/validation.xml found. Using annotation based configuration only.
2018-09-29 at 11:18:05 CST DEBUG org.hibernate.validator.internal.engine.ValidatorFactoryImpl 578 logValidatorFactoryScopedConfiguration - HV000234: Using org.springframework.validation.beanvalidation.LocaleContextMessageInterpolator as ValidatorFactory-scoped message interpolator.
2018-09-29 at 11:18:05 CST DEBUG org.hibernate.validator.internal.engine.ValidatorFactoryImpl 579 logValidatorFactoryScopedConfiguration - HV000234: Using org.hibernate.validator.internal.engine.resolver.TraverseAllTraversableResolver as ValidatorFactory-scoped traversable resolver.
2018-09-29 at 11:18:05 CST DEBUG org.hibernate.validator.internal.engine.ValidatorFactoryImpl 580 logValidatorFactoryScopedConfiguration - HV000234: Using org.hibernate.validator.internal.util.ExecutableParameterNameProvider as ValidatorFactory-scoped parameter name provider.
2018-09-29 at 11:18:05 CST DEBUG org.hibernate.validator.internal.engine.ValidatorFactoryImpl 581 logValidatorFactoryScopedConfiguration - HV000234: Using org.hibernate.validator.internal.engine.DefaultClockProvider as ValidatorFactory-scoped clock provider.
2018-09-29 at 11:18:05 CST DEBUG org.hibernate.validator.internal.engine.ValidatorFactoryImpl 582 logValidatorFactoryScopedConfiguration - HV000234: Using org.hibernate.validator.internal.engine.scripting.DefaultScriptEvaluatorFactory as ValidatorFactory-scoped script evaluator factory.
2018-09-29 at 11:18:07 CST INFO  com.netflix.discovery.DiscoveryClient 349 <init> - Initializing Eureka in region us-east-1
2018-09-29 at 11:18:07 CST INFO  com.netflix.discovery.DiscoveryClient 352 <init> - Client configured to neither register nor query for data.
2018-09-29 at 11:18:07 CST INFO  com.netflix.discovery.DiscoveryClient 365 <init> - Discovery Client initialized at timestamp 1538191087599 with initial instances count: 0
2018-09-29 at 11:18:07 CST INFO  com.netflix.eureka.DefaultEurekaServerContext 63 initialize - Initializing ...
2018-09-29 at 11:18:07 CST DEBUG com.netflix.discovery.endpoint.EndpointUtils 198 getServiceUrlsFromConfig - The availability zone for the given region us-east-1 are [defaultZone]
2018-09-29 at 11:18:07 CST INFO  com.netflix.eureka.cluster.PeerEurekaNodes 188 updatePeerEurekaNodes - Adding new peer nodes [http://localhost:8761/eureka/]
2018-09-29 at 11:18:07 CST INFO  com.netflix.discovery.provider.DiscoveryJerseyProvider 70 <init> - Using JSON encoding codec LegacyJacksonJson
2018-09-29 at 11:18:07 CST INFO  com.netflix.discovery.provider.DiscoveryJerseyProvider 71 <init> - Using JSON decoding codec LegacyJacksonJson
2018-09-29 at 11:18:07 CST INFO  com.netflix.discovery.provider.DiscoveryJerseyProvider 80 <init> - Using XML encoding codec XStreamXml
2018-09-29 at 11:18:07 CST INFO  com.netflix.discovery.provider.DiscoveryJerseyProvider 81 <init> - Using XML decoding codec XStreamXml
2018-09-29 at 11:18:08 CST DEBUG com.netflix.discovery.shared.transport.jersey.AbstractJerseyEurekaHttpClient 42 <init> - Created client for url: http://localhost:8761/eureka/
2018-09-29 at 11:18:08 CST INFO  com.netflix.eureka.cluster.PeerEurekaNodes 110 start - Replica node URL:  http://localhost:8761/eureka/
2018-09-29 at 11:18:08 CST INFO  com.netflix.eureka.registry.AbstractInstanceRegistry 151 initRemoteRegionRegistry - Finished initializing remote region registries. All known remote regions: []
2018-09-29 at 11:18:08 CST INFO  com.netflix.eureka.DefaultEurekaServerContext 70 initialize - Initialized
2018-09-29 at 11:18:08 CST INFO  com.netflix.eureka.registry.PeerAwareInstanceRegistryImpl 242 openForTraffic - Got 1 instances from neighboring DS node
2018-09-29 at 11:18:08 CST INFO  com.netflix.eureka.registry.PeerAwareInstanceRegistryImpl 243 openForTraffic - Renew threshold is: 1
2018-09-29 at 11:18:08 CST INFO  com.netflix.eureka.registry.PeerAwareInstanceRegistryImpl 254 openForTraffic - Changing status to UP
2018-09-29 at 11:18:08 CST INFO  org.apache.juli.logging.DirectJDKLog 180 log - Starting ProtocolHandler ["http-nio-8761"]
2018-09-29 at 11:18:08 CST INFO  org.apache.juli.logging.DirectJDKLog 180 log - Using a shared selector for servlet write/read
2018-09-29 at 11:18:08 CST INFO  org.springframework.boot.StartupInfoLogger 59 logStarted - Started LogMain in 15.436 seconds (JVM running for 17.397)
2018-09-29 at 11:18:33 CST INFO  org.springframework.boot.SpringApplication 659 logStartupProfileInfo - No active profile set, falling back to default profiles: default
2018-09-29 at 11:18:36 CST INFO  org.apache.juli.logging.DirectJDKLog 180 log - Initializing ProtocolHandler ["http-nio-8761"]
2018-09-29 at 11:18:36 CST INFO  org.apache.juli.logging.DirectJDKLog 180 log - Starting service [Tomcat]
2018-09-29 at 11:18:36 CST INFO  org.apache.juli.logging.DirectJDKLog 180 log - Starting Servlet Engine: Apache Tomcat/8.5.29
2018-09-29 at 11:18:36 CST INFO  org.apache.juli.logging.DirectJDKLog 180 log - The APR based Apache Tomcat Native library which allows optimal performance in production environments was not found on the java.library.path: [C:\Program Files\Java\jdk1.8.0_65\bin;E:\Windows\Sun\Java\bin;E:\Windows\system32;E:\Windows;E:/Program Files/Java/jre1.8.0_172/bin/server;E:/Program Files/Java/jre1.8.0_172/bin;E:/Program Files/Java/jre1.8.0_172/lib/amd64;E:\Program Files (x86)\Common Files\Oracle\Java\javapath;E:\Windows\system32;E:\Windows;E:\Windows\System32\Wbem;E:\Windows\System32\WindowsPowerShell\v1.0\;E:\Windows\System32\OpenSSH\;E:\Users\yue\Anaconda3;E:\Program Files\python364\Scripts;E:\Program Files\Git\cmd;E:\Users\yue\Anaconda3\Scripts;E:\Program Files\Java\jdk1.8.0_172\bin;E:\Users\yue\AppData\Local\Microsoft\WindowsApps;E:\Program Files\Microsoft VS Code\bin;D:\apache-maven-3.3.3\bin;E:\Program Files\Java\jdk1.8.0_172\bin;;D:\develop\eclipse-neon;;.]
2018-09-29 at 11:18:36 CST INFO  org.apache.juli.logging.DirectJDKLog 180 log - Initializing Spring embedded WebApplicationContext
2018-09-29 at 11:18:37 CST INFO  com.netflix.config.sources.URLConfigurationSource 122 <init> - To enable URLs as dynamic configuration sources, define System property archaius.configurationSource.additionalUrls or make config.properties available on classpath.
2018-09-29 at 11:18:37 CST DEBUG com.netflix.hystrix.strategy.HystrixPlugins 386 resolveDynamicProperties - Created HystrixDynamicProperties. Using class : com.netflix.hystrix.strategy.properties.archaius.HystrixDynamicPropertiesArchaius
2018-09-29 at 11:18:37 CST INFO  com.netflix.config.DynamicPropertyFactory 281 getInstance - DynamicPropertyFactory is initialized with configuration sources: com.netflix.config.ConcurrentCompositeConfiguration@4130d74c
2018-09-29 at 11:18:40 CST INFO  com.sun.jersey.server.impl.application.WebApplicationImpl 815 _initiate - Initiating Jersey application, version 'Jersey: 1.19.1 03/11/2016 02:08 PM'
2018-09-29 at 11:18:40 CST INFO  com.netflix.discovery.provider.DiscoveryJerseyProvider 70 <init> - Using JSON encoding codec LegacyJacksonJson
2018-09-29 at 11:18:40 CST INFO  com.netflix.discovery.provider.DiscoveryJerseyProvider 71 <init> - Using JSON decoding codec LegacyJacksonJson
2018-09-29 at 11:18:40 CST INFO  com.netflix.discovery.provider.DiscoveryJerseyProvider 80 <init> - Using XML encoding codec XStreamXml
2018-09-29 at 11:18:40 CST INFO  com.netflix.discovery.provider.DiscoveryJerseyProvider 81 <init> - Using XML decoding codec XStreamXml
2018-09-29 at 11:18:41 CST INFO  com.netflix.config.sources.URLConfigurationSource 122 <init> - To enable URLs as dynamic configuration sources, define System property archaius.configurationSource.additionalUrls or make config.properties available on classpath.
2018-09-29 at 11:18:41 CST DEBUG org.hibernate.validator.internal.engine.resolver.TraversableResolvers 60 getDefault - Cannot find javax.persistence.Persistence on classpath. Assuming non JPA 2 environment. All properties will per default be traversable.
2018-09-29 at 11:18:41 CST DEBUG org.hibernate.validator.messageinterpolation.ResourceBundleMessageInterpolator 89 buildExpressionFactory - Loaded expression factory via original TCCL
2018-09-29 at 11:18:41 CST DEBUG org.hibernate.validator.internal.engine.resolver.TraversableResolvers 60 getDefault - Cannot find javax.persistence.Persistence on classpath. Assuming non JPA 2 environment. All properties will per default be traversable.
2018-09-29 at 11:18:41 CST DEBUG org.hibernate.validator.internal.engine.ConfigurationImpl 148 messageInterpolator - Setting custom MessageInterpolator of type org.springframework.validation.beanvalidation.LocaleContextMessageInterpolator
2018-09-29 at 11:18:41 CST DEBUG org.hibernate.validator.internal.engine.ConfigurationImpl 180 constraintValidatorFactory - Setting custom ConstraintValidatorFactory of type org.springframework.validation.beanvalidation.SpringConstraintValidatorFactory
2018-09-29 at 11:18:41 CST DEBUG org.hibernate.validator.internal.engine.ConfigurationImpl 194 parameterNameProvider - Setting custom ParameterNameProvider of type org.springframework.validation.beanvalidation.LocalValidatorFactoryBean$1
2018-09-29 at 11:18:41 CST DEBUG org.hibernate.validator.internal.xml.ValidationXmlParser 133 getValidationXmlInputStream - Trying to load META-INF/validation.xml for XML based Validator configuration.
2018-09-29 at 11:18:41 CST DEBUG org.hibernate.validator.internal.xml.ResourceLoaderHelper 53 getResettableInputStreamForPath - Trying to load META-INF/validation.xml via user class loader
2018-09-29 at 11:18:41 CST DEBUG org.hibernate.validator.internal.xml.ResourceLoaderHelper 60 getResettableInputStreamForPath - Trying to load META-INF/validation.xml via TCCL
2018-09-29 at 11:18:41 CST DEBUG org.hibernate.validator.internal.xml.ResourceLoaderHelper 66 getResettableInputStreamForPath - Trying to load META-INF/validation.xml via Hibernate Validator's class loader
2018-09-29 at 11:18:41 CST DEBUG org.hibernate.validator.internal.xml.ValidationXmlParser 140 getValidationXmlInputStream - No META-INF/validation.xml found. Using annotation based configuration only.
2018-09-29 at 11:18:41 CST DEBUG org.hibernate.validator.internal.engine.ValidatorFactoryImpl 578 logValidatorFactoryScopedConfiguration - HV000234: Using org.springframework.validation.beanvalidation.LocaleContextMessageInterpolator as ValidatorFactory-scoped message interpolator.
2018-09-29 at 11:18:41 CST DEBUG org.hibernate.validator.internal.engine.ValidatorFactoryImpl 579 logValidatorFactoryScopedConfiguration - HV000234: Using org.hibernate.validator.internal.engine.resolver.TraverseAllTraversableResolver as ValidatorFactory-scoped traversable resolver.
2018-09-29 at 11:18:41 CST DEBUG org.hibernate.validator.internal.engine.ValidatorFactoryImpl 580 logValidatorFactoryScopedConfiguration - HV000234: Using org.hibernate.validator.internal.util.ExecutableParameterNameProvider as ValidatorFactory-scoped parameter name provider.
2018-09-29 at 11:18:41 CST DEBUG org.hibernate.validator.internal.engine.ValidatorFactoryImpl 581 logValidatorFactoryScopedConfiguration - HV000234: Using org.hibernate.validator.internal.engine.DefaultClockProvider as ValidatorFactory-scoped clock provider.
2018-09-29 at 11:18:41 CST DEBUG org.hibernate.validator.internal.engine.ValidatorFactoryImpl 582 logValidatorFactoryScopedConfiguration - HV000234: Using org.hibernate.validator.internal.engine.scripting.DefaultScriptEvaluatorFactory as ValidatorFactory-scoped script evaluator factory.
2018-09-29 at 11:18:43 CST INFO  com.netflix.discovery.DiscoveryClient 349 <init> - Initializing Eureka in region us-east-1
2018-09-29 at 11:18:43 CST INFO  com.netflix.discovery.DiscoveryClient 352 <init> - Client configured to neither register nor query for data.
2018-09-29 at 11:18:43 CST INFO  com.netflix.discovery.DiscoveryClient 365 <init> - Discovery Client initialized at timestamp 1538191123272 with initial instances count: 0
2018-09-29 at 11:18:43 CST INFO  com.netflix.eureka.DefaultEurekaServerContext 63 initialize - Initializing ...
2018-09-29 at 11:18:43 CST DEBUG com.netflix.discovery.endpoint.EndpointUtils 198 getServiceUrlsFromConfig - The availability zone for the given region us-east-1 are [defaultZone]
2018-09-29 at 11:18:43 CST INFO  com.netflix.eureka.cluster.PeerEurekaNodes 188 updatePeerEurekaNodes - Adding new peer nodes [http://localhost:8761/eureka/]
2018-09-29 at 11:18:43 CST INFO  com.netflix.discovery.provider.DiscoveryJerseyProvider 70 <init> - Using JSON encoding codec LegacyJacksonJson
2018-09-29 at 11:18:43 CST INFO  com.netflix.discovery.provider.DiscoveryJerseyProvider 71 <init> - Using JSON decoding codec LegacyJacksonJson
2018-09-29 at 11:18:43 CST INFO  com.netflix.discovery.provider.DiscoveryJerseyProvider 80 <init> - Using XML encoding codec XStreamXml
2018-09-29 at 11:18:43 CST INFO  com.netflix.discovery.provider.DiscoveryJerseyProvider 81 <init> - Using XML decoding codec XStreamXml
2018-09-29 at 11:18:43 CST DEBUG com.netflix.discovery.shared.transport.jersey.AbstractJerseyEurekaHttpClient 42 <init> - Created client for url: http://localhost:8761/eureka/
2018-09-29 at 11:18:43 CST INFO  com.netflix.eureka.cluster.PeerEurekaNodes 110 start - Replica node URL:  http://localhost:8761/eureka/
2018-09-29 at 11:18:43 CST INFO  com.netflix.eureka.registry.AbstractInstanceRegistry 151 initRemoteRegionRegistry - Finished initializing remote region registries. All known remote regions: []
2018-09-29 at 11:18:43 CST INFO  com.netflix.eureka.DefaultEurekaServerContext 70 initialize - Initialized
2018-09-29 at 11:18:44 CST INFO  com.netflix.eureka.registry.PeerAwareInstanceRegistryImpl 242 openForTraffic - Got 1 instances from neighboring DS node
2018-09-29 at 11:18:44 CST INFO  com.netflix.eureka.registry.PeerAwareInstanceRegistryImpl 243 openForTraffic - Renew threshold is: 1
2018-09-29 at 11:18:44 CST INFO  com.netflix.eureka.registry.PeerAwareInstanceRegistryImpl 254 openForTraffic - Changing status to UP
2018-09-29 at 11:18:44 CST INFO  org.apache.juli.logging.DirectJDKLog 180 log - Starting ProtocolHandler ["http-nio-8761"]
2018-09-29 at 11:18:44 CST INFO  org.apache.juli.logging.DirectJDKLog 180 log - Using a shared selector for servlet write/read
2018-09-29 at 11:18:45 CST INFO  org.springframework.boot.StartupInfoLogger 59 logStarted - Started LogMain in 15.165 seconds (JVM running for 17.218)
2018-09-29 at 11:19:00 CST DEBUG com.netflix.eureka.registry.ResponseCacheImpl$4 173 run - Updating the client cache from response cache
